app/build/intermediates/manifest_merge_blame_file/debug/manifest-merger-blame-debug-report.txt
1<?xml version="1.0" encoding="utf-8"?>
2<manifest xmlns:android="http://schemas.android.com/apk/res/android"
3    package="eli.wearlab.capturefacecompanion"
4    android:versionCode="1"
5    android:versionName="1.0" >
6
7    <uses-sdk
8        android:minSdkVersion="22"
8-->src\main\AndroidManifest.xml
9        android:targetSdkVersion="29" />
9-->src\main\AndroidManifest.xml
10
11    <application
11-->src\main\AndroidManifest.xml:6:5-42:19
12        android:allowBackup="true"
12-->src\main\AndroidManifest.xml:7:9-35
13        android:appComponentFactory="androidx.core.app.CoreComponentFactory"
13-->[androidx.core:core:1.1.0] AndroidManifest.xml:24:18-86
14        android:debuggable="true"
15        android:icon="@mipmap/ic_launcher"
15-->src\main\AndroidManifest.xml:8:9-43
16        android:label="@string/app_name"
16-->src\main\AndroidManifest.xml:9:9-41
17        android:supportsRtl="true"
17-->src\main\AndroidManifest.xml:10:9-35
18        android:testOnly="true"
19        android:theme="@style/Theme.AppCompat.Light.NoActionBar" >
19-->src\main\AndroidManifest.xml:11:9-65
20        <activity android:name="eli.wearlab.capturefacecompanion.MainActivity" >
20-->src\main\AndroidManifest.xml:13:9-24:20
20-->src\main\AndroidManifest.xml:13:19-47
21            <intent-filter>
21-->src\main\AndroidManifest.xml:14:13-17:29
22                <action android:name="android.intent.action.MAIN" />
22-->src\main\AndroidManifest.xml:15:17-69
22-->src\main\AndroidManifest.xml:15:25-66
23
24                <category android:name="android.intent.category.LAUNCHER" />
24-->src\main\AndroidManifest.xml:16:17-77
24-->src\main\AndroidManifest.xml:16:27-74
25            </intent-filter>
26            <intent-filter>
26-->src\main\AndroidManifest.xml:18:13-23:29
27                <data
27-->src\main\AndroidManifest.xml:19:17-74
28                    android:host="open"
28-->src\main\AndroidManifest.xml:19:52-71
29                    android:scheme="pumpkin.com" />
29-->src\main\AndroidManifest.xml:19:23-51
30
31                <action android:name="android.intent.action.VIEW" />
31-->src\main\AndroidManifest.xml:20:17-69
31-->src\main\AndroidManifest.xml:20:25-66
32
33                <category android:name="android.intent.category.DEFAULT" />
33-->src\main\AndroidManifest.xml:21:17-76
33-->src\main\AndroidManifest.xml:21:27-73
34                <category android:name="android.intent.category.BROWSABLE" />
34-->src\main\AndroidManifest.xml:22:17-78
34-->src\main\AndroidManifest.xml:22:27-75
35            </intent-filter>
36        </activity>
37
38        <receiver
38-->src\main\AndroidManifest.xml:26:9-31:20
39            android:name="eli.wearlab.capturefacecompanion.CaptureReceiver"
39-->src\main\AndroidManifest.xml:26:19-50
40            android:exported="true" >
40-->src\main\AndroidManifest.xml:26:51-74
41            <intent-filter>
41-->src\main\AndroidManifest.xml:28:13-30:29
42                <action android:name="eli.wearlab.captureface.SEND_IMAGE" />
42-->src\main\AndroidManifest.xml:29:17-76
42-->src\main\AndroidManifest.xml:29:25-74
43            </intent-filter>
44        </receiver>
45
46        <provider
46-->src\main\AndroidManifest.xml:33:9-41:20
47            android:name="androidx.core.content.FileProvider"
47-->src\main\AndroidManifest.xml:34:13-62
48            android:authorities="eli.wearlab.captureface.provider"
48-->src\main\AndroidManifest.xml:35:13-67
49            android:exported="false"
49-->src\main\AndroidManifest.xml:36:13-37
50            android:grantUriPermissions="true" >
50-->src\main\AndroidManifest.xml:37:13-47
51            <meta-data
51-->src\main\AndroidManifest.xml:38:13-40:53
52                android:name="android.support.FILE_PROVIDER_PATHS"
52-->src\main\AndroidManifest.xml:39:17-67
53                android:resource="@xml/file_paths" />
53-->src\main\AndroidManifest.xml:40:17-51
54        </provider>
55    </application>
56
57</manifest>